Arguments: 
  /Users/penouc/.nvm/versions/node/v8.4.0/bin/node /Users/penouc/.nvm/versions/node/v8.4.0/bin/yarn lin

PATH: 
  /Users/penouc/.cargo/bin:/Users/penouc/.nvm/versions/node/v8.4.0/bin::/sbin:/usr/local/bin:/usr/local/sbin:/usr/bin:/bin:/usr/sbin:/usr/local/git/bin

Yarn version: 
  1.5.1

Node version: 
  8.4.0

Platform: 
  darwin x64

npm manifest: 
  {
    "name": "stocky",
    "version": "0.0.1",
    "description": "npm stocky ",
    "main": "index.js",
    "scripts": {
      "test": "echo \"Error: no test specified\" && exit 1"
    },
    "keywords": ["commander", "stock", "warren"],
    "bin": {
      "stocky": "./bin/index.js"
    },
    "author": "penouc",
    "license": "MIT",
    "dependencies": {
      "chalk": "^2.3.2",
      "commander": "^2.15.0",
      "iconv-lite": "^0.4.19",
      "inquirer": "^5.1.0",
      "urllib": "^2.26.0"
    }
  }

yarn manifest: 
  No manifest

Lockfile: 
  # THIS IS AN AUTOGENERATED FILE. DO NOT EDIT THIS FILE DIRECTLY.
  # yarn lockfile v1
  
  
  address@>=0.0.1:
    version "1.0.3"
    resolved "http://registry.npm.taobao.org/address/download/address-1.0.3.tgz#b5f50631f8d6cec8bd20c963963afb55e06cbce9"
  
  agent-base@2, agent-base@^2.1.1:
    version "2.1.1"
    resolved "http://registry.npm.taobao.org/agent-base/download/agent-base-2.1.1.tgz#d6de10d5af6132d5bd692427d46fc538539094c7"
    dependencies:
      extend "~3.0.0"
      semver "~5.0.1"
  
  agent-base@^4.1.0, agent-base@^4.2.0:
    version "4.2.0"
    resolved "http://registry.npm.taobao.org/agent-base/download/agent-base-4.2.0.tgz#9838b5c3392b962bad031e6a4c5e1024abec45ce"
    dependencies:
      es6-promisify "^5.0.0"
  
  ansi-escapes@^3.0.0:
    version "3.0.0"
    resolved "http://registry.npm.taobao.org/ansi-escapes/download/ansi-escapes-3.0.0.tgz#ec3e8b4e9f8064fc02c3ac9b65f1c275bda8ef92"
  
  ansi-regex@^3.0.0:
    version "3.0.0"
    resolved "http://registry.npm.taobao.org/ansi-regex/download/ansi-regex-3.0.0.tgz#ed0317c322064f79466c02966bddb605ab37d998"
  
  ansi-styles@^3.2.1:
    version "3.2.1"
    resolved "http://registry.npm.taobao.org/ansi-styles/download/ansi-styles-3.2.1.tgz#41fbb20243e50b12be0f04b8dedbf07520ce841d"
    dependencies:
      color-convert "^1.9.0"
  
  any-promise@^1.0.0, any-promise@^1.3.0:
    version "1.3.0"
    resolved "http://registry.npm.taobao.org/any-promise/download/any-promise-1.3.0.tgz#abc6afeedcea52e809cdc0376aed3ce39635d17f"
  
  ast-types@0.x.x:
    version "0.11.3"
    resolved "http://registry.npm.taobao.org/ast-types/download/ast-types-0.11.3.tgz#c20757fe72ee71278ea0ff3d87e5c2ca30d9edf8"
  
  bytes@3.0.0:
    version "3.0.0"
    resolved "http://registry.npm.taobao.org/bytes/download/bytes-3.0.0.tgz#d32815404d689699f85a4ea4fa8755dd13a96048"
  
  chalk@^2.0.0, chalk@^2.3.2:
    version "2.3.2"
    resolved "http://registry.npm.taobao.org/chalk/download/chalk-2.3.2.tgz#250dc96b07491bfd601e648d66ddf5f60c7a5c65"
    dependencies:
      ansi-styles "^3.2.1"
      escape-string-regexp "^1.0.5"
      supports-color "^5.3.0"
  
  chardet@^0.4.0:
    version "0.4.2"
    resolved "http://registry.npm.taobao.org/chardet/download/chardet-0.4.2.tgz#b5473b33dc97c424e5d98dc87d55d4d8a29c8bf2"
  
  cli-cursor@^2.1.0:
    version "2.1.0"
    resolved "http://registry.npm.taobao.org/cli-cursor/download/cli-cursor-2.1.0.tgz#b35dac376479facc3e94747d41d0d0f5238ffcb5"
    dependencies:
      restore-cursor "^2.0.0"
  
  cli-width@^2.0.0:
    version "2.2.0"
    resolved "http://registry.npm.taobao.org/cli-width/download/cli-width-2.2.0.tgz#ff19ede8a9a5e579324147b0c11f0fbcbabed639"
  
  co@^4.6.0:
    version "4.6.0"
    resolved "http://registry.npm.taobao.org/co/download/co-4.6.0.tgz#6ea6bdf3d853ae54ccb8e47bfa0bf3f9031fb184"
  
  color-convert@^1.9.0:
    version "1.9.1"
    resolved "http://registry.npm.taobao.org/color-convert/download/color-convert-1.9.1.tgz#c1261107aeb2f294ebffec9ed9ecad529a6097ed"
    dependencies:
      color-name "^1.1.1"
  
  color-name@^1.1.1:
    version "1.1.3"
    resolved "http://registry.npm.taobao.org/color-name/download/color-name-1.1.3.tgz#a7d0558bd89c42f795dd42328f740831ca53bc25"
  
  commander@^2.15.0:
    version "2.15.0"
    resolved "http://registry.npm.taobao.org/commander/download/commander-2.15.0.tgz#ad2a23a1c3b036e392469b8012cec6b33b4c1322"
  
  content-type@^1.0.2:
    version "1.0.4"
    resolved "http://registry.npm.taobao.org/content-type/download/content-type-1.0.4.tgz#e138cc75e040c727b1966fe5e5f8c9aee256fe3b"
  
  copy-to@~2.0.1:
    version "2.0.1"
    resolved "http://registry.npm.taobao.org/copy-to/download/copy-to-2.0.1.tgz#2680fbb8068a48d08656b6098092bdafc906f4a5"
  
  core-util-is@~1.0.0:
    version "1.0.2"
    resolved "http://registry.npm.taobao.org/core-util-is/download/core-util-is-1.0.2.tgz#b5fd54220aa2bc5ab57aab7140c940754503c1a7"
  
  data-uri-to-buffer@1:
    version "1.2.0"
    resolved "http://registry.npm.taobao.org/data-uri-to-buffer/download/data-uri-to-buffer-1.2.0.tgz#77163ea9c20d8641b4707e8f18abdf9a78f34835"
  
  debug@2, debug@^2.6.0, debug@^2.6.8:
    version "2.6.9"
    resolved "http://registry.npm.taobao.org/debug/download/debug-2.6.9.tgz#5d128515df134ff327e90a4c93f4e077a536341f"
    dependencies:
      ms "2.0.0"
  
  deep-is@~0.1.3:
    version "0.1.3"
    resolved "http://registry.npm.taobao.org/deep-is/download/deep-is-0.1.3.tgz#b369d6fb5dbc13eecf524f91b070feedc357cf34"
  
  default-user-agent@^1.0.0:
    version "1.0.0"
    resolved "http://registry.npm.taobao.org/default-user-agent/download/default-user-agent-1.0.0.tgz#16c46efdcaba3edc45f24f2bd4868b01b7c2adc6"
    dependencies:
      os-name "~1.0.3"
  
  degenerator@^1.0.4:
    version "1.0.4"
    resolved "http://registry.npm.taobao.org/degenerator/download/degenerator-1.0.4.tgz#fcf490a37ece266464d9cc431ab98c5819ced095"
    dependencies:
      ast-types "0.x.x"
      escodegen "1.x.x"
      esprima "3.x.x"
  
  depd@1.1.1:
    version "1.1.1"
    resolved "http://registry.npm.taobao.org/depd/download/depd-1.1.1.tgz#5783b4e1c459f06fa5ca27f991f3d06e7a310359"
  
  digest-header@^0.0.1:
    version "0.0.1"
    resolved "http://registry.npm.taobao.org/digest-header/download/digest-header-0.0.1.tgz#11ccf6deec5766ac379744d901c12cba49514be6"
    dependencies:
      utility "0.1.11"
  
  ee-first@~1.1.1:
    version "1.1.1"
    resolved "http://registry.npm.taobao.org/ee-first/download/ee-first-1.1.1.tgz#590c61156b0ae2f4f0255732a158b266bc56b21d"
  
  es6-promise@^4.0.3:
    version "4.2.4"
    resolved "http://registry.npm.taobao.org/es6-promise/download/es6-promise-4.2.4.tgz#dc4221c2b16518760bd8c39a52d8f356fc00ed29"
  
  es6-promisify@^5.0.0:
    version "5.0.0"
    resolved "http://registry.npm.taobao.org/es6-promisify/download/es6-promisify-5.0.0.tgz#5109d62f3e56ea967c4b63505aef08291c8a5203"
    dependencies:
      es6-promise "^4.0.3"
  
  escape-html@~1.0.3:
    version "1.0.3"
    resolved "http://registry.npm.taobao.org/escape-html/download/escape-html-1.0.3.tgz#0258eae4d3d0c0974de1c169188ef0051d1d1988"
  
  escape-string-regexp@^1.0.5:
    version "1.0.5"
    resolved "http://registry.npm.taobao.org/escape-string-regexp/download/escape-string-regexp-1.0.5.tgz#1b61c0562190a8dff6ae3bb2cf0200ca130b86d4"
  
  escodegen@1.x.x:
    version "1.9.1"
    resolved "http://registry.npm.taobao.org/escodegen/download/escodegen-1.9.1.tgz#dbae17ef96c8e4bedb1356f4504fa4cc2f7cb7e2"
    dependencies:
      esprima "^3.1.3"
      estraverse "^4.2.0"
      esutils "^2.0.2"
      optionator "^0.8.1"
    optionalDependencies:
      source-map "~0.6.1"
  
  esprima@3.x.x, esprima@^3.1.3:
    version "3.1.3"
    resolved "http://registry.npm.taobao.org/esprima/download/esprima-3.1.3.tgz#fdca51cee6133895e3c88d535ce49dbff62a4633"
  
  estraverse@^4.2.0:
    version "4.2.0"
    resolved "http://registry.npm.taobao.org/estraverse/download/estraverse-4.2.0.tgz#0dee3fed31fcd469618ce7342099fc1afa0bdb13"
  
  esutils@^2.0.2:
    version "2.0.2"
    resolved "http://registry.npm.taobao.org/esutils/download/esutils-2.0.2.tgz#0abf4f1caa5bcb1f7a9d8acc6dea4faaa04bac9b"
  
  extend@3, extend@~3.0.0:
    version "3.0.1"
    resolved "http://registry.npm.taobao.org/extend/download/extend-3.0.1.tgz#a755ea7bc1adfcc5a31ce7e762dbaadc5e636444"
  
  external-editor@^2.1.0:
    version "2.1.0"
    resolved "http://registry.npm.taobao.org/external-editor/download/external-editor-2.1.0.tgz#3d026a21b7f95b5726387d4200ac160d372c3b48"
    dependencies:
      chardet "^0.4.0"
      iconv-lite "^0.4.17"
      tmp "^0.0.33"
  
  fast-levenshtein@~2.0.4:
    version "2.0.6"
    resolved "http://registry.npm.taobao.org/fast-levenshtein/download/fast-levenshtein-2.0.6.tgz#3d8a5c66883a16a30ca8643e851f19baa7797917"
  
  figures@^2.0.0:
    version "2.0.0"
    resolved "http://registry.npm.taobao.org/figures/download/figures-2.0.0.tgz#3ab1a2d2a62c8bfb431a0c94cb797a2fce27c962"
    dependencies:
      escape-string-regexp "^1.0.5"
  
  file-uri-to-path@1:
    version "1.0.0"
    resolved "http://registry.npm.taobao.org/file-uri-to-path/download/file-uri-to-path-1.0.0.tgz#553a7b8446ff6f684359c445f1e37a05dacc33dd"
  
  ftp@~0.3.10:
    version "0.3.10"
    resolved "http://registry.npm.taobao.org/ftp/download/ftp-0.3.10.tgz#9197d861ad8142f3e63d5a83bfe4c59f7330885d"
    dependencies:
      readable-stream "1.1.x"
      xregexp "2.0.0"
  
  get-uri@^2.0.0:
    version "2.0.1"
    resolved "http://registry.npm.taobao.org/get-uri/download/get-uri-2.0.1.tgz#dbdcacacd8c608a38316869368117697a1631c59"
    dependencies:
      data-uri-to-buffer "1"
      debug "2"
      extend "3"
      file-uri-to-path "1"
      ftp "~0.3.10"
      readable-stream "2"
  
  has-flag@^3.0.0:
    version "3.0.0"
    resolved "http://registry.npm.taobao.org/has-flag/download/has-flag-3.0.0.tgz#b5d454dc2199ae225699f3467e5a07f3b955bafd"
  
  http-errors@1.6.2:
    version "1.6.2"
    resolved "http://registry.npm.taobao.org/http-errors/download/http-errors-1.6.2.tgz#0a002cc85707192a7e7946ceedc11155f60ec736"
    dependencies:
      depd "1.1.1"
      inherits "2.0.3"
      setprototypeof "1.0.3"
      statuses ">= 1.3.1 < 2"
  
  http-proxy-agent@^1.0.0:
    version "1.0.0"
    resolved "http://registry.npm.taobao.org/http-proxy-agent/download/http-proxy-agent-1.0.0.tgz#cc1ce38e453bf984a0f7702d2dd59c73d081284a"
    dependencies:
      agent-base "2"
      debug "2"
      extend "3"
  
  https-proxy-agent@^1.0.0:
    version "1.0.0"
    resolved "http://registry.npm.taobao.org/https-proxy-agent/download/https-proxy-agent-1.0.0.tgz#35f7da6c48ce4ddbfa264891ac593ee5ff8671e6"
    dependencies:
      agent-base "2"
      debug "2"
      extend "3"
  
  humanize-ms@^1.2.0:
    version "1.2.1"
    resolved "http://registry.npm.taobao.org/humanize-ms/download/humanize-ms-1.2.1.tgz#c46e3159a293f6b896da29316d8b6fe8bb79bbed"
    dependencies:
      ms "^2.0.0"
  
  iconv-lite@0.4.19, iconv-lite@^0.4.15, iconv-lite@^0.4.17, iconv-lite@^0.4.19:
    version "0.4.19"
    resolved "http://registry.npm.taobao.org/iconv-lite/download/iconv-lite-0.4.19.tgz#f7468f60135f5e5dad3399c0a81be9a1603a082b"
  
  inherits@2.0.3, inherits@~2.0.1, inherits@~2.0.3:
    version "2.0.3"
    resolved "http://registry.npm.taobao.org/inherits/download/inherits-2.0.3.tgz#633c2c83e3da42a502f52466022480f4208261de"
  
  inquirer@^5.1.0:
    version "5.1.0"
    resolved "http://registry.npm.taobao.org/inquirer/download/inquirer-5.1.0.tgz#19da508931892328abbbdd4c477f1efc65abfd67"
    dependencies:
      ansi-escapes "^3.0.0"
      chalk "^2.0.0"
      cli-cursor "^2.1.0"
      cli-width "^2.0.0"
      external-editor "^2.1.0"
      figures "^2.0.0"
      lodash "^4.3.0"
      mute-stream "0.0.7"
      run-async "^2.2.0"
      rxjs "^5.5.2"
      string-width "^2.1.0"
      strip-ansi "^4.0.0"
      through "^2.3.6"
  
  ip@^1.1.4, ip@^1.1.5:
    version "1.1.5"
    resolved "http://registry.npm.taobao.org/ip/download/ip-1.1.5.tgz#bdded70114290828c0a039e72ef25f5aaec4354a"
  
  is-fullwidth-code-point@^2.0.0:
    version "2.0.0"
    resolved "http://registry.npm.taobao.org/is-fullwidth-code-point/download/is-fullwidth-code-point-2.0.0.tgz#a3b30a5c4f199183167aaab93beefae3ddfb654f"
  
  is-promise@^2.1.0:
    version "2.1.0"
    resolved "http://registry.npm.taobao.org/is-promise/download/is-promise-2.1.0.tgz#79a2a9ece7f096e80f36d2b2f3bc16c1ff4bf3fa"
  
  isarray@0.0.1:
    version "0.0.1"
    resolved "http://registry.npm.taobao.org/isarray/download/isarray-0.0.1.tgz#8a18acfca9a8f4177e09abfc6038939b05d1eedf"
  
  isarray@~1.0.0:
    version "1.0.0"
    resolved "http://registry.npm.taobao.org/isarray/download/isarray-1.0.0.tgz#bb935d48582cba168c06834957a54a3e07124f11"
  
  levn@~0.3.0:
    version "0.3.0"
    resolved "http://registry.npm.taobao.org/levn/download/levn-0.3.0.tgz#3b09924edf9f083c0490fdd4c0bc4421e04764ee"
    dependencies:
      prelude-ls "~1.1.2"
      type-check "~0.3.2"
  
  lodash@^4.3.0:
    version "4.17.5"
    resolved "http://registry.npm.taobao.org/lodash/download/lodash-4.17.5.tgz#99a92d65c0272debe8c96b6057bc8fbfa3bed511"
  
  lru-cache@^2.6.5:
    version "2.7.3"
    resolved "http://registry.npm.taobao.org/lru-cache/download/lru-cache-2.7.3.tgz#6d4524e8b955f95d4f5b58851ce21dd72fb4e952"
  
  mimic-fn@^1.0.0:
    version "1.2.0"
    resolved "http://registry.npm.taobao.org/mimic-fn/download/mimic-fn-1.2.0.tgz#820c86a39334640e99516928bd03fca88057d022"
  
  minimist@0.0.8:
    version "0.0.8"
    resolved "http://registry.npm.taobao.org/minimist/download/minimist-0.0.8.tgz#857fcabfc3397d2625b8228262e86aa7a011b05d"
  
  minimist@^1.1.0:
    version "1.2.0"
    resolved "http://registry.npm.taobao.org/minimist/download/minimist-1.2.0.tgz#a35008b20f41383eec1fb914f4cd5df79a264284"
  
  mkdirp@~0.5.1:
    version "0.5.1"
    resolved "http://registry.npm.taobao.org/mkdirp/download/mkdirp-0.5.1.tgz#30057438eac6cf7f8c4767f38648d6697d75c903"
    dependencies:
      minimist "0.0.8"
  
  ms@2.0.0:
    version "2.0.0"
    resolved "http://registry.npm.taobao.org/ms/download/ms-2.0.0.tgz#5608aeadfc00be6c2901df5f9861788de0d597c8"
  
  ms@^2.0.0:
    version "2.1.1"
    resolved "http://registry.npm.taobao.org/ms/download/ms-2.1.1.tgz#30a5864eb3ebb0a66f2ebe6d727af06a09d86e0a"
  
  mute-stream@0.0.7:
    version "0.0.7"
    resolved "http://registry.npm.taobao.org/mute-stream/download/mute-stream-0.0.7.tgz#3075ce93bc21b8fab43e1bc4da7e8115ed1e7bab"
  
  mz@~2.7.0:
    version "2.7.0"
    resolved "http://registry.npm.taobao.org/mz/download/mz-2.7.0.tgz#95008057a56cafadc2bc63dde7f9ff6955948e32"
    dependencies:
      any-promise "^1.0.0"
      object-assign "^4.0.1"
      thenify-all "^1.0.0"
  
  netmask@^1.0.6:
    version "1.0.6"
    resolved "http://registry.npm.taobao.org/netmask/download/netmask-1.0.6.tgz#20297e89d86f6f6400f250d9f4f6b4c1945fcd35"
  
  object-assign@^4.0.1:
    version "4.1.1"
    resolved "http://registry.npm.taobao.org/object-assign/download/object-assign-4.1.1.tgz#2109adc7965887cfc05cbbd442cac8bfbb360863"
  
  onetime@^2.0.0:
    version "2.0.1"
    resolved "http://registry.npm.taobao.org/onetime/download/onetime-2.0.1.tgz#067428230fd67443b2794b22bba528b6867962d4"
    dependencies:
      mimic-fn "^1.0.0"
  
  optionator@^0.8.1:
    version "0.8.2"
    resolved "http://registry.npm.taobao.org/optionator/download/optionator-0.8.2.tgz#364c5e409d3f4d6301d6c0b4c05bba50180aeb64"
    dependencies:
      deep-is "~0.1.3"
      fast-levenshtein "~2.0.4"
      levn "~0.3.0"
      prelude-ls "~1.1.2"
      type-check "~0.3.2"
      wordwrap "~1.0.0"
  
  os-name@~1.0.3:
    version "1.0.3"
    resolved "http://registry.npm.taobao.org/os-name/download/os-name-1.0.3.tgz#1b379f64835af7c5a7f498b357cb95215c159edf"
    dependencies:
      osx-release "^1.0.0"
      win-release "^1.0.0"
  
  os-tmpdir@~1.0.2:
    version "1.0.2"
    resolved "http://registry.npm.taobao.org/os-tmpdir/download/os-tmpdir-1.0.2.tgz#bbe67406c79aa85c5cfec766fe5734555dfa1274"
  
  osx-release@^1.0.0:
    version "1.1.0"
    resolved "http://registry.npm.taobao.org/osx-release/download/osx-release-1.1.0.tgz#f217911a28136949af1bf9308b241e2737d3cd6c"
    dependencies:
      minimist "^1.1.0"
  
  pac-proxy-agent@^2.0.0:
    version "2.0.0"
    resolved "http://registry.npm.taobao.org/pac-proxy-agent/download/pac-proxy-agent-2.0.0.tgz#beb17cd2b06a20b379d57e1b2e2c29be0dfe5f9a"
    dependencies:
      agent-base "^2.1.1"
      debug "^2.6.8"
      get-uri "^2.0.0"
      http-proxy-agent "^1.0.0"
      https-proxy-agent "^1.0.0"
      pac-resolver "^3.0.0"
      raw-body "^2.2.0"
      socks-proxy-agent "^3.0.0"
  
  pac-resolver@^3.0.0:
    version "3.0.0"
    resolved "http://registry.npm.taobao.org/pac-resolver/download/pac-resolver-3.0.0.tgz#6aea30787db0a891704deb7800a722a7615a6f26"
    dependencies:
      co "^4.6.0"
      degenerator "^1.0.4"
      ip "^1.1.5"
      netmask "^1.0.6"
      thunkify "^2.1.2"
  
  prelude-ls@~1.1.2:
    version "1.1.2"
    resolved "http://registry.npm.taobao.org/prelude-ls/download/prelude-ls-1.1.2.tgz#21932a549f5e52ffd9a827f570e04be62a97da54"
  
  process-nextick-args@~2.0.0:
    version "2.0.0"
    resolved "http://registry.npm.taobao.org/process-nextick-args/download/process-nextick-args-2.0.0.tgz#a37d732f4271b4ab1ad070d35508e8290788ffaa"
  
  proxy-agent@^2.1.0:
    version "2.2.0"
    resolved "http://registry.npm.taobao.org/proxy-agent/download/proxy-agent-2.2.0.tgz#e853cd8400013562d23c8dc9e1deaf9b0b0a153a"
    dependencies:
      agent-base "^4.2.0"
      debug "^2.6.8"
      http-proxy-agent "^1.0.0"
      https-proxy-agent "^1.0.0"
      lru-cache "^2.6.5"
      pac-proxy-agent "^2.0.0"
      socks-proxy-agent "^3.0.0"
  
  qs@^6.4.0:
    version "6.5.1"
    resolved "http://registry.npm.taobao.org/qs/download/qs-6.5.1.tgz#349cdf6eef89ec45c12d7d5eb3fc0c870343a6d8"
  
  raw-body@^2.2.0:
    version "2.3.2"
    resolved "http://registry.npm.taobao.org/raw-body/download/raw-body-2.3.2.tgz#bcd60c77d3eb93cde0050295c3f379389bc88f89"
    dependencies:
      bytes "3.0.0"
      http-errors "1.6.2"
      iconv-lite "0.4.19"
      unpipe "1.0.0"
  
  readable-stream@1.1.x:
    version "1.1.14"
    resolved "http://registry.npm.taobao.org/readable-stream/download/readable-stream-1.1.14.tgz#7cf4c54ef648e3813084c636dd2079e166c081d9"
    dependencies:
      core-util-is "~1.0.0"
      inherits "~2.0.1"
      isarray "0.0.1"
      string_decoder "~0.10.x"
  
  readable-stream@2:
    version "2.3.5"
    resolved "http://registry.npm.taobao.org/readable-stream/download/readable-stream-2.3.5.tgz#b4f85003a938cbb6ecbce2a124fb1012bd1a838d"
    dependencies:
      core-util-is "~1.0.0"
      inherits "~2.0.3"
      isarray "~1.0.0"
      process-nextick-args "~2.0.0"
      safe-buffer "~5.1.1"
      string_decoder "~1.0.3"
      util-deprecate "~1.0.1"
  
  restore-cursor@^2.0.0:
    version "2.0.0"
    resolved "http://registry.npm.taobao.org/restore-cursor/download/restore-cursor-2.0.0.tgz#9f7ee287f82fd326d4fd162923d62129eee0dfaf"
    dependencies:
      onetime "^2.0.0"
      signal-exit "^3.0.2"
  
  run-async@^2.2.0:
    version "2.3.0"
    resolved "http://registry.npm.taobao.org/run-async/download/run-async-2.3.0.tgz#0371ab4ae0bdd720d4166d7dfda64ff7a445a6c0"
    dependencies:
      is-promise "^2.1.0"
  
  rxjs@^5.5.2:
    version "5.5.7"
    resolved "http://registry.npm.taobao.org/rxjs/download/rxjs-5.5.7.tgz#afb3d1642b069b2fbf203903d6501d1acb4cda27"
    dependencies:
      symbol-observable "1.0.1"
  
  safe-buffer@~5.1.0, safe-buffer@~5.1.1:
    version "5.1.1"
    resolved "http://registry.npm.taobao.org/safe-buffer/download/safe-buffer-5.1.1.tgz#893312af69b2123def71f57889001671eeb2c853"
  
  semver@^5.0.1:
    version "5.5.0"
    resolved "http://registry.npm.taobao.org/semver/download/semver-5.5.0.tgz#dc4bbc7a6ca9d916dee5d43516f0092b58f7b8ab"
  
  semver@~5.0.1:
    version "5.0.3"
    resolved "http://registry.npm.taobao.org/semver/download/semver-5.0.3.tgz#77466de589cd5d3c95f138aa78bc569a3cb5d27a"
  
  setprototypeof@1.0.3:
    version "1.0.3"
    resolved "http://registry.npm.taobao.org/setprototypeof/download/setprototypeof-1.0.3.tgz#66567e37043eeb4f04d91bd658c0cbefb55b8e04"
  
  signal-exit@^3.0.2:
    version "3.0.2"
    resolved "http://registry.npm.taobao.org/signal-exit/download/signal-exit-3.0.2.tgz#b5fdc08f1287ea1178628e415e25132b73646c6d"
  
  smart-buffer@^1.0.13:
    version "1.1.15"
    resolved "http://registry.npm.taobao.org/smart-buffer/download/smart-buffer-1.1.15.tgz#7f114b5b65fab3e2a35aa775bb12f0d1c649bf16"
  
  socks-proxy-agent@^3.0.0:
    version "3.0.1"
    resolved "http://registry.npm.taobao.org/socks-proxy-agent/download/socks-proxy-agent-3.0.1.tgz#2eae7cf8e2a82d34565761539a7f9718c5617659"
    dependencies:
      agent-base "^4.1.0"
      socks "^1.1.10"
  
  socks@^1.1.10:
    version "1.1.10"
    resolved "http://registry.npm.taobao.org/socks/download/socks-1.1.10.tgz#5b8b7fc7c8f341c53ed056e929b7bf4de8ba7b5a"
    dependencies:
      ip "^1.1.4"
      smart-buffer "^1.0.13"
  
  source-map@~0.6.1:
    version "0.6.1"
    resolved "http://registry.npm.taobao.org/source-map/download/source-map-0.6.1.tgz#74722af32e9614e9c287a8d0bbde48b5e2f1a263"
  
  "statuses@>= 1.3.1 < 2", statuses@^1.3.1:
    version "1.4.0"
    resolved "http://registry.npm.taobao.org/statuses/download/statuses-1.4.0.tgz#bb73d446da2796106efcc1b601a253d6c46bd087"
  
  string-width@^2.1.0:
    version "2.1.1"
    resolved "http://registry.npm.taobao.org/string-width/download/string-width-2.1.1.tgz#ab93f27a8dc13d28cac815c462143a6d9012ae9e"
    dependencies:
      is-fullwidth-code-point "^2.0.0"
      strip-ansi "^4.0.0"
  
  string_decoder@~0.10.x:
    version "0.10.31"
    resolved "http://registry.npm.taobao.org/string_decoder/download/string_decoder-0.10.31.tgz#62e203bc41766c6c28c9fc84301dab1c5310fa94"
  
  string_decoder@~1.0.3:
    version "1.0.3"
    resolved "http://registry.npm.taobao.org/string_decoder/download/string_decoder-1.0.3.tgz#0fc67d7c141825de94282dd536bec6b9bce860ab"
    dependencies:
      safe-buffer "~5.1.0"
  
  strip-ansi@^4.0.0:
    version "4.0.0"
    resolved "http://registry.npm.taobao.org/strip-ansi/download/strip-ansi-4.0.0.tgz#a8479022eb1ac368a871389b635262c505ee368f"
    dependencies:
      ansi-regex "^3.0.0"
  
  supports-color@^5.3.0:
    version "5.3.0"
    resolved "http://registry.npm.taobao.org/supports-color/download/supports-color-5.3.0.tgz#5b24ac15db80fa927cf5227a4a33fd3c4c7676c0"
    dependencies:
      has-flag "^3.0.0"
  
  symbol-observable@1.0.1:
    version "1.0.1"
    resolved "http://registry.npm.taobao.org/symbol-observable/download/symbol-observable-1.0.1.tgz#8340fc4702c3122df5d22288f88283f513d3fdd4"
  
  thenify-all@^1.0.0:
    version "1.6.0"
    resolved "http://registry.npm.taobao.org/thenify-all/download/thenify-all-1.6.0.tgz#1a1918d402d8fc3f98fbf234db0bcc8cc10e9726"
    dependencies:
      thenify ">= 3.1.0 < 4"
  
  "thenify@>= 3.1.0 < 4":
    version "3.3.0"
    resolved "http://registry.npm.taobao.org/thenify/download/thenify-3.3.0.tgz#e69e38a1babe969b0108207978b9f62b88604839"
    dependencies:
      any-promise "^1.0.0"
  
  through@^2.3.6:
    version "2.3.8"
    resolved "http://registry.npm.taobao.org/through/download/through-2.3.8.tgz#0dd4c9ffaabc357960b1b724115d7e0e86a2e1f5"
  
  thunkify@^2.1.2:
    version "2.1.2"
    resolved "http://registry.npm.taobao.org/thunkify/download/thunkify-2.1.2.tgz#faa0e9d230c51acc95ca13a361ac05ca7e04553d"
  
  tmp@^0.0.33:
    version "0.0.33"
    resolved "http://registry.npm.taobao.org/tmp/download/tmp-0.0.33.tgz#6d34335889768d21b2bcda0aa277ced3b1bfadf9"
    dependencies:
      os-tmpdir "~1.0.2"
  
  type-check@~0.3.2:
    version "0.3.2"
    resolved "http://registry.npm.taobao.org/type-check/download/type-check-0.3.2.tgz#5884cab512cf1d355e3fb784f30804b2b520db72"
    dependencies:
      prelude-ls "~1.1.2"
  
  unpipe@1.0.0:
    version "1.0.0"
    resolved "http://registry.npm.taobao.org/unpipe/download/unpipe-1.0.0.tgz#b2bf4ee8514aae6165b4817829d21b2ef49904ec"
  
  urllib@^2.26.0:
    version "2.26.0"
    resolved "http://registry.npm.taobao.org/urllib/download/urllib-2.26.0.tgz#ce8e3b562e6698a443a1fb3dba911e49e539c4ae"
    dependencies:
      any-promise "^1.3.0"
      content-type "^1.0.2"
      debug "^2.6.0"
      default-user-agent "^1.0.0"
      digest-header "^0.0.1"
      ee-first "~1.1.1"
      humanize-ms "^1.2.0"
      iconv-lite "^0.4.15"
      proxy-agent "^2.1.0"
      qs "^6.4.0"
      statuses "^1.3.1"
      utility "^1.12.0"
  
  util-deprecate@~1.0.1:
    version "1.0.2"
    resolved "http://registry.npm.taobao.org/util-deprecate/download/util-deprecate-1.0.2.tgz#450d4dc9fa70de732762fbd2d4a28981419a0ccf"
  
  utility@0.1.11:
    version "0.1.11"
    resolved "http://registry.npm.taobao.org/utility/download/utility-0.1.11.tgz#fde60cf9b4e4751947a0cf5d104ce29367226715"
    dependencies:
      address ">=0.0.1"
  
  utility@^1.12.0:
    version "1.13.1"
    resolved "http://registry.npm.taobao.org/utility/download/utility-1.13.1.tgz#9d72e145e49e4c5a21f2c307b0baf575235023f4"
    dependencies:
      copy-to "~2.0.1"
      escape-html "~1.0.3"
      mkdirp "~0.5.1"
      mz "~2.7.0"
  
  win-release@^1.0.0:
    version "1.1.1"
    resolved "http://registry.npm.taobao.org/win-release/download/win-release-1.1.1.tgz#5fa55e02be7ca934edfc12665632e849b72e5209"
    dependencies:
      semver "^5.0.1"
  
  wordwrap@~1.0.0:
    version "1.0.0"
    resolved "http://registry.npm.taobao.org/wordwrap/download/wordwrap-1.0.0.tgz#27584810891456a4171c8d0226441ade90cbcaeb"
  
  xregexp@2.0.0:
    version "2.0.0"
    resolved "http://registry.npm.taobao.org/xregexp/download/xregexp-2.0.0.tgz#52a63e56ca0b84a7f3a5f3d61872f126ad7a5943"

Trace: 
  Error: Command "lin" not found.
      at new MessageError (/Users/penouc/.nvm/versions/node/v8.4.0/lib/node_modules/yarn/lib/cli.js:186:110)
      at /Users/penouc/.nvm/versions/node/v8.4.0/lib/node_modules/yarn/lib/cli.js:87307:17
      at Generator.next (<anonymous>)
      at step (/Users/penouc/.nvm/versions/node/v8.4.0/lib/node_modules/yarn/lib/cli.js:98:30)
      at /Users/penouc/.nvm/versions/node/v8.4.0/lib/node_modules/yarn/lib/cli.js:116:14
      at Promise (<anonymous>)
      at F (/Users/penouc/.nvm/versions/node/v8.4.0/lib/node_modules/yarn/lib/cli.js:23451:28)
      at /Users/penouc/.nvm/versions/node/v8.4.0/lib/node_modules/yarn/lib/cli.js:95:12
      at runCommand (/Users/penouc/.nvm/versions/node/v8.4.0/lib/node_modules/yarn/lib/cli.js:87312:22)
      at Object.<anonymous> (/Users/penouc/.nvm/versions/node/v8.4.0/lib/node_modules/yarn/lib/cli.js:87412:14)
